<?xml version="1.0" encoding="UTF-8"?>
<testsuite name="CalendarTest" tests="44" skipped="0" failures="0" errors="0" timestamp="2025-12-13T01:33:05" hostname="Atharvas-MacBook-Pro.local" time="0.023">
  <properties/>
  <testcase name="testCopyEventNullTargetDateTime" classname="CalendarTest" time="0.002"/>
  <testcase name="testCopyEventsBetweenNullEndDate" classname="CalendarTest" time="0.0"/>
  <testcase name="testCopyEventsBetweenNullTargetStart" classname="CalendarTest" time="0.0"/>
  <testcase name="testCreateEventMultiDayEvent" classname="CalendarTest" time="0.0"/>
  <testcase name="testCreateEventAllDay" classname="CalendarTest" time="0.0"/>
  <testcase name="testHasConflictAdjacentEvents" classname="CalendarTest" time="0.009"/>
  <testcase name="testCreateSeries" classname="CalendarTest" time="0.002"/>
  <testcase name="testCalendarCreationEmptyName" classname="CalendarTest" time="0.0"/>
  <testcase name="testCreateSeriesWithEndDate" classname="CalendarTest" time="0.001"/>
  <testcase name="testCopyEventsOnDateNullTargetDate" classname="CalendarTest" time="0.0"/>
  <testcase name="testCopyEventsOnDate" classname="CalendarTest" time="0.002"/>
  <testcase name="testCalendarCreationWithNameAndTimezone" classname="CalendarTest" time="0.0"/>
  <testcase name="testDifferentTimezonesForCalendars" classname="CalendarTest" time="0.0"/>
  <testcase name="testCopyEventsBetweenPartialSeriesOverlap" classname="CalendarTest" time="0.001"/>
  <testcase name="testCopyEventsOnDateWithSeries" classname="CalendarTest" time="0.001"/>
  <testcase name="testCopyEventsBetweenNullStartDate" classname="CalendarTest" time="0.0"/>
  <testcase name="testCalendarCreationNullTimezone" classname="CalendarTest" time="0.0"/>
  <testcase name="testCreateEventValidEvent" classname="CalendarTest" time="0.0"/>
  <testcase name="testMultipleCalendarsIndependence" classname="CalendarTest" time="0.001"/>
  <testcase name="testHasConflictNoOverlap" classname="CalendarTest" time="0.0"/>
  <testcase name="testGetScheduleMultipleEvents" classname="CalendarTest" time="0.001"/>
  <testcase name="testCopyEventsBetweenNullTargetCalendar" classname="CalendarTest" time="0.0"/>
  <testcase name="testModifyCalendarName" classname="CalendarTest" time="0.0"/>
  <testcase name="testUpdateEventKey" classname="CalendarTest" time="0.0"/>
  <testcase name="testCopyEventNullEvent" classname="CalendarTest" time="0.0"/>
  <testcase name="testCopyEventNullTargetCalendar" classname="CalendarTest" time="0.0"/>
  <testcase name="testGetScheduleSingleDay" classname="CalendarTest" time="0.0"/>
  <testcase name="testModifyCalendarTimezone" classname="CalendarTest" time="0.0"/>
  <testcase name="testCalendarToString" classname="CalendarTest" time="0.001"/>
  <testcase name="testShowStatusAvailable" classname="CalendarTest" time="0.0"/>
  <testcase name="testShowStatusBusy" classname="CalendarTest" time="0.0"/>
  <testcase name="testCopyEventsOnDateNullTargetCalendar" classname="CalendarTest" time="0.0"/>
  <testcase name="testHasConflictNullEvent" classname="CalendarTest" time="0.0"/>
  <testcase name="testCopyEventsBetweenInvalidDateRange" classname="CalendarTest" time="0.0"/>
  <testcase name="testCopyEventsOnDateNullSourceDate" classname="CalendarTest" time="0.0"/>
  <testcase name="testCopyEventsBetween" classname="CalendarTest" time="0.0"/>
  <testcase name="testSaveEventValidEvent" classname="CalendarTest" time="0.0"/>
  <testcase name="testCreateEventWithSeriesId" classname="CalendarTest" time="0.0"/>
  <testcase name="testGetScheduleDateRange" classname="CalendarTest" time="0.001"/>
  <testcase name="testSaveEventStartDateAfterEndDate" classname="CalendarTest" time="0.0"/>
  <testcase name="testHasConflict" classname="CalendarTest" time="0.0"/>
  <testcase name="testCopyEventToSameCalendar" classname="CalendarTest" time="0.0"/>
  <testcase name="testCopyEventFromSeries" classname="CalendarTest" time="0.0"/>
  <testcase name="testCopyEventWithTimezoneConversion" classname="CalendarTest" time="0.0"/>
  <system-out><![CDATA[Saved event: First Meeting starting on 2025-05-15 at 10:00, ending on 2025-05-15 at 11:00, description:  , status Private, location Online
Saved event: Daily Standup starting on 2025-06-02 at 09:00, ending on 2025-06-02 at 09:30, description:  , status Private, location Online
Saved event: Daily Standup starting on 2025-06-04 at 09:00, ending on 2025-06-04 at 09:30, description:  , status Private, location Online
Saved event: Daily Standup starting on 2025-06-06 at 09:00, ending on 2025-06-06 at 09:30, description:  , status Private, location Online
Saved event: Daily Standup starting on 2025-06-09 at 09:00, ending on 2025-06-09 at 09:30, description:  , status Private, location Online
Saved event: Daily Standup starting on 2025-06-11 at 09:00, ending on 2025-06-11 at 09:30, description:  , status Private, location Online
Saved event: Daily Standup starting on 2025-06-13 at 09:00, ending on 2025-06-13 at 09:30, description:  , status Private, location Online
Saved event: Daily Standup starting on 2025-06-16 at 09:00, ending on 2025-06-16 at 09:30, description:  , status Private, location Online
Saved event: Daily Standup starting on 2025-06-18 at 09:00, ending on 2025-06-18 at 09:30, description:  , status Private, location Online
Saved event: Daily Standup starting on 2025-06-20 at 09:00, ending on 2025-06-20 at 09:30, description:  , status Private, location Online
Saved event: Team Meeting starting on 2025-06-03 at 14:00, ending on 2025-06-03 at 15:00, description:  , status Private, location Online
Saved event: Team Meeting starting on 2025-06-05 at 14:00, ending on 2025-06-05 at 15:00, description:  , status Private, location Online
Saved event: Team Meeting starting on 2025-06-10 at 14:00, ending on 2025-06-10 at 15:00, description:  , status Private, location Online
Saved event: Team Meeting starting on 2025-06-12 at 14:00, ending on 2025-06-12 at 15:00, description:  , status Private, location Online
Saved event: Team Meeting starting on 2025-06-17 at 14:00, ending on 2025-06-17 at 15:00, description:  , status Private, location Online
Saved event: Team Meeting starting on 2025-06-19 at 14:00, ending on 2025-06-19 at 15:00, description:  , status Private, location Online
Saved event: Team Meeting starting on 2025-06-24 at 14:00, ending on 2025-06-24 at 15:00, description:  , status Private, location Online
Saved event: Team Meeting starting on 2025-06-26 at 14:00, ending on 2025-06-26 at 15:00, description:  , status Private, location Online
Saved event: Morning Meeting starting on 2025-05-15 at 09:00, ending on 2025-05-15 at 10:00, description:  , status Private, location Online
Saved event: Lunch starting on 2025-05-15 at 12:00, ending on 2025-05-15 at 13:00, description:  , status Private, location Online
Saved event: Lunch_copy starting on 2025-06-20 at 09:00, ending on 2025-06-20 at 10:00, description:  , status Private, location Online
Saved event: Morning Meeting_copy starting on 2025-06-20 at 06:00, ending on 2025-06-20 at 07:00, description:  , status Private, location Online
Successfully copied 2 events.
Saved event: Series Event starting on 2025-05-14 at 10:00, ending on 2025-05-14 at 11:00, description:  , status Private, location Online
Saved event: Series Event starting on 2025-05-15 at 10:00, ending on 2025-05-15 at 11:00, description:  , status Private, location Online
Saved event: Series Event starting on 2025-05-16 at 10:00, ending on 2025-05-16 at 11:00, description:  , status Private, location Online
Saved event: Series Event starting on 2025-05-17 at 10:00, ending on 2025-05-17 at 11:00, description:  , status Private, location Online
Creating new series '3b4e8371-32b4-402c-85e7-6d3989cc5cd4' with 2 events
Saved event: Series Event_copy starting on 2025-06-01 at 07:00, ending on 2025-06-01 at 08:00, description:  , status Private, location Online
Saved event: Series Event_copy starting on 2025-06-02 at 07:00, ending on 2025-06-02 at 08:00, description:  , status Private, location Online

Copy Summary:
- Total events copied: 2
- Standalone events: 0
- Series processed: 1
Saved event: Standalone starting on 2025-05-15 at 09:00, ending on 2025-05-15 at 10:00, description:  , status Private, location Online
Saved event: Series Event 1 starting on 2025-05-15 at 11:00, ending on 2025-05-15 at 12:00, description:  , status Private, location Online
Saved event: Series Event 2 starting on 2025-05-15 at 14:00, ending on 2025-05-15 at 15:00, description:  , status Private, location Online
Saved event: Standalone_copy starting on 2025-06-25 at 06:00, ending on 2025-06-25 at 07:00, description:  , status Private, location Online
Creating new series '167e36f7-3723-4c04-ac28-ae39d606238c' with 2 events
Saved event: Series Event 1_copy starting on 2025-06-25 at 11:00, ending on 2025-06-25 at 12:00, description:  , status Private, location Online
Saved event: Series Event 2_copy starting on 2025-06-25 at 14:00, ending on 2025-06-25 at 15:00, description:  , status Private, location Online
Successfully copied 3 events.
Saved event: Personal Event starting on 2025-05-15 at 10:00, ending on 2025-05-15 at 11:00, description:  , status Private, location Online
Saved event: Work Event starting on 2025-05-15 at 10:00, ending on 2025-05-15 at 11:00, description:  , status Private, location Online
Saved event: Morning Meeting starting on 2025-05-15 at 09:00, ending on 2025-05-15 at 10:00, description:  , status Private, location Online
Saved event: Meeting 1 starting on 2025-05-15 at 10:00, ending on 2025-05-15 at 11:00, description:  , status Private, location Online
Saved event: Meeting 2 starting on 2025-05-15 at 14:00, ending on 2025-05-15 at 15:00, description:  , status Private, location Online
Saved event: Original starting on 2025-05-15 at 10:00, ending on 2025-05-15 at 11:00, description:  , status Private, location Online
Saved event: Meeting starting on 2025-05-15 at 10:00, ending on 2025-05-15 at 11:00, description:  , status Private, location Online
Saved event: Meeting starting on 2025-05-15 at 10:00, ending on 2025-05-15 at 11:00, description:  , status Private, location Online
Saved event: Meeting starting on 2025-05-15 at 10:00, ending on 2025-05-15 at 11:00, description:  , status Private, location Online
Saved event: Day 1 Event starting on 2025-05-15 at 10:00, ending on 2025-05-15 at 11:00, description:  , status Private, location Online
Saved event: Day 2 Event starting on 2025-05-16 at 14:00, ending on 2025-05-16 at 15:00, description:  , status Private, location Online
Saved event: Day 3 Event starting on 2025-05-17 at 09:00, ending on 2025-05-17 at 10:00, description:  , status Private, location Online
Saved event: Day 2 Event_copy starting on 2025-07-02 at 19:00, ending on 2025-07-02 at 20:00, description:  , status Private, location Online
Saved event: Day 3 Event_copy starting on 2025-07-03 at 14:00, ending on 2025-07-03 at 15:00, description:  , status Private, location Online
Saved event: Day 1 Event_copy starting on 2025-07-01 at 15:00, ending on 2025-07-01 at 16:00, description:  , status Private, location Online

Copy Summary:
- Total events copied: 3
- Standalone events: 3
- Series processed: 0
Saved event: Meeting starting on 2025-05-15 at 10:00, ending on 2025-05-15 at 11:00, description:  , status Private, location Online
Saved event: Day 1 Meeting starting on 2025-05-15 at 10:00, ending on 2025-05-15 at 11:00, description:  , status Private, location Online
Saved event: Day 2 Meeting starting on 2025-05-16 at 10:00, ending on 2025-05-16 at 11:00, description:  , status Private, location Online
Saved event: Day 3 Meeting starting on 2025-05-17 at 10:00, ending on 2025-05-17 at 11:00, description:  , status Private, location Online
Saved event: Meeting starting on 2025-05-15 at 10:00, ending on 2025-05-15 at 11:00, description:  , status Private, location Online
Saved event: Meeting starting on 2025-05-15 at 10:00, ending on 2025-05-15 at 11:00, description:  , status Private, location Online
Saved event: Meeting_copy starting on 2025-06-01 at 14:00, ending on 2025-06-01 at 15:00, description:  , status Private, location Online
Saved event: Series Event starting on 2025-05-15 at 10:00, ending on 2025-05-15 at 11:00, description:  , status Private, location Online
Saved event: Series Event_copy starting on 2025-06-10 at 07:00, ending on 2025-06-10 at 08:00, description:  , status Private, location Online
Note: Original event was part of series. Copied as standalone event.
Saved event: EST Meeting starting on 2025-05-15 at 15:00, ending on 2025-05-15 at 16:00, description:  , status Private, location Online
Saved event: EST Meeting_copy starting on 2025-06-01 at 12:00, ending on 2025-06-01 at 13:00, description:  , status Private, location Online
]]></system-out>
  <system-err><![CDATA[]]></system-err>
</testsuite>
