<?xml version="1.0" encoding="UTF-8"?>
<testsuite name="GuiControllerTest" tests="29" skipped="0" failures="0" errors="0" timestamp="2025-12-13T01:33:05" hostname="Atharvas-MacBook-Pro.local" time="0.005">
  <properties/>
  <testcase name="testHandleCreateCalendarDialogBoxClickedDuplicateName" classname="GuiControllerTest" time="0.0"/>
  <testcase name="testGetCurrentCalendarName" classname="GuiControllerTest" time="0.0"/>
  <testcase name="testHandleCreateCalendarClicked" classname="GuiControllerTest" time="0.0"/>
  <testcase name="testHandleDialogBoxCreateEventRecurringWithLastDate" classname="GuiControllerTest" time="0.002"/>
  <testcase name="testHandleUseCalendarClicked" classname="GuiControllerTest" time="0.0"/>
  <testcase name="testGetCalendarTimezoneDoesNotExist" classname="GuiControllerTest" time="0.0"/>
  <testcase name="testHandleSearchEventsCaseSensitivity" classname="GuiControllerTest" time="0.0"/>
  <testcase name="testHandleEditEventClickedEventNotFound" classname="GuiControllerTest" time="0.0"/>
  <testcase name="testHandleNavigateCalendarClickedWithMultipleCalendars" classname="GuiControllerTest" time="0.001"/>
  <testcase name="testHandleSearchEventsFindsResults" classname="GuiControllerTest" time="0.0"/>
  <testcase name="testHandleDateClickedWithEvents" classname="GuiControllerTest" time="0.0"/>
  <testcase name="testGetCalendarTimezoneExists" classname="GuiControllerTest" time="0.0"/>
  <testcase name="testHandleDialogBoxCreateEventDuplicateEvent" classname="GuiControllerTest" time="0.0"/>
  <testcase name="testHandleEditCalendarNameClickedDuplicateName" classname="GuiControllerTest" time="0.0"/>
  <testcase name="testHandleEditCalendarNameClickedSuccess" classname="GuiControllerTest" time="0.0"/>
  <testcase name="testHandleDialogBoxCreateEventSingleEvent" classname="GuiControllerTest" time="0.001"/>
  <testcase name="testHandleEditCalendarTimezoneClicked" classname="GuiControllerTest" time="0.0"/>
  <testcase name="testCompleteWorkflowCreateAndViewEvent" classname="GuiControllerTest" time="0.0"/>
  <testcase name="testHandleEditEventClickedSuccessfully" classname="GuiControllerTest" time="0.0"/>
  <testcase name="testHandleDateClickedWithNoEvents" classname="GuiControllerTest" time="0.0"/>
  <testcase name="testMultipleCalendarsWorkflow" classname="GuiControllerTest" time="0.0"/>
  <testcase name="testHandleDialogBoxCreateEventRecurringWithOccurrences" classname="GuiControllerTest" time="0.0"/>
  <testcase name="testHandleCalendarClicked" classname="GuiControllerTest" time="0.0"/>
  <testcase name="testHandleNavigateCalendarClickedWithSingleCalendar" classname="GuiControllerTest" time="0.0"/>
  <testcase name="testHandleCreateCalendarDialogBoxClickedSuccess" classname="GuiControllerTest" time="0.0"/>
  <testcase name="testHandleCreateEventClicked" classname="GuiControllerTest" time="0.0"/>
  <testcase name="testSetView" classname="GuiControllerTest" time="0.0"/>
  <testcase name="testHandleSearchEventsNoResults" classname="GuiControllerTest" time="0.0"/>
  <testcase name="testGetCurrentCalendarTimezone" classname="GuiControllerTest" time="0.0"/>
  <system-out><![CDATA[Saved event: Workout starting on 2024-11-20 at 06:00, ending on 2024-11-20 at 07:00, description:  , status Private, location Online
Saved event: Workout starting on 2024-11-21 at 06:00, ending on 2024-11-21 at 07:00, description:  , status Private, location Online
Saved event: Workout starting on 2024-11-22 at 06:00, ending on 2024-11-22 at 07:00, description:  , status Private, location Online
Saved event: Workout starting on 2024-11-25 at 06:00, ending on 2024-11-25 at 07:00, description:  , status Private, location Online
2024-11-20
Saved event: MEETING starting on 2024-11-20 at 10:00, ending on 2024-11-20 at 11:00, description:  , status Private, location Online
Saved event: Meeting starting on 2024-11-20 at 10:00, ending on 2024-11-20 at 11:00, description:  , status Private, location Online
Saved event: Meeting starting on 2024-11-21 at 14:00, ending on 2024-11-21 at 15:00, description:  , status Private, location Online
Saved event: Meeting starting on 2024-11-20 at 10:00, ending on 2024-11-20 at 11:00, description:  , status Private, location Online
2024-11-20
Saved event: Meeting starting on 2024-11-20 at 10:00, ending on 2024-11-20 at 11:00, description:  , status Private, location Online
2024-11-20
Event already exists
2024-11-20
Saved event: Team Meeting starting on 2024-11-20 at 10:00, ending on 2024-11-20 at 11:00, description:  , status Private, location Online
2024-11-20
Saved event: Workshop starting on 2024-11-21 at 14:00, ending on 2024-11-21 at 16:00, description:  , status Private, location Online
2024-11-21
2024-11-21
Saved event: Meeting starting on 2024-11-20 at 10:00, ending on 2024-11-20 at 11:00, description:  , status Private, location Online
2024-11-20
2024-12-25
Saved event: Standup starting on 2024-11-20 at 09:00, ending on 2024-11-20 at 09:15, description:  , status Private, location Online
Saved event: Standup starting on 2024-11-22 at 09:00, ending on 2024-11-22 at 09:15, description:  , status Private, location Online
Saved event: Standup starting on 2024-11-25 at 09:00, ending on 2024-11-25 at 09:15, description:  , status Private, location Online
2024-11-20
]]></system-out>
  <system-err><![CDATA[]]></system-err>
</testsuite>
